

Started GET "/" for ::1 at 2016-03-08 15:34:56 -0600
Processing by ApplicationController#index as HTML
  Rendered application/index.html.erb within layouts/application (634.1ms)
Completed 500 Internal Server Error in 648ms (ActiveRecord: 0.0ms)

ActionView::Template::Error (couldn't find file 'pure' with type 'text/css'):
    14: <div style='clear:both;'></div>
    15: 
    16: 
    17: <%= image_tag "dfm_web/clippy.jpg" %>
    18: 
    19: <hr/>
  app/views/application/index.html.erb:17:in `_app_views_application_index_html_erb___846319101684113980_70186792240760'


  Rendered /Users/jpd800/.rvm/gems/ruby-2.2.0/gems/actionpack-4.2.6/lib/action_dispatch/middleware/templates/rescues/_source.erb (6.7ms)
  Rendered /Users/jpd800/.rvm/gems/ruby-2.2.0/gems/actionpack-4.2.6/lib/action_dispatch/middleware/templates/rescues/_trace.html.erb (2.5ms)
  Rendered /Users/jpd800/.rvm/gems/ruby-2.2.0/gems/actionpack-4.2.6/lib/action_dispatch/middleware/templates/rescues/_request_and_response.html.erb (8.5ms)
  Rendered /Users/jpd800/.rvm/gems/ruby-2.2.0/gems/actionpack-4.2.6/lib/action_dispatch/middleware/templates/rescues/template_error.html.erb within rescues/layout (45.6ms)


Started GET "/" for ::1 at 2016-03-08 15:37:32 -0600
Processing by ApplicationController#index as HTML
  Rendered application/index.html.erb within layouts/application (154.0ms)
Completed 500 Internal Server Error in 162ms (ActiveRecord: 0.0ms)

ActionView::Template::Error (couldn't find file 'pure' with type 'text/css'):
    14: <div style='clear:both;'></div>
    15: 
    16: 
    17: <%= image_tag "dfm_web/clippy.jpg" %>
    18: 
    19: <hr/>
  app/views/application/index.html.erb:17:in `_app_views_application_index_html_erb__4549703843369886331_70276654219640'


  Rendered /Users/jpd800/.rvm/gems/ruby-2.2.0/gems/actionpack-4.2.6/lib/action_dispatch/middleware/templates/rescues/_source.erb (12.1ms)
  Rendered /Users/jpd800/.rvm/gems/ruby-2.2.0/gems/actionpack-4.2.6/lib/action_dispatch/middleware/templates/rescues/_trace.html.erb (3.6ms)
  Rendered /Users/jpd800/.rvm/gems/ruby-2.2.0/gems/actionpack-4.2.6/lib/action_dispatch/middleware/templates/rescues/_request_and_response.html.erb (7.7ms)
  Rendered /Users/jpd800/.rvm/gems/ruby-2.2.0/gems/actionpack-4.2.6/lib/action_dispatch/middleware/templates/rescues/template_error.html.erb within rescues/layout (51.0ms)


Started GET "/" for ::1 at 2016-03-08 15:41:09 -0600
Processing by ApplicationController#index as HTML
  Rendered application/index.html.erb within layouts/application (11.8ms)
Completed 500 Internal Server Error in 17ms (ActiveRecord: 0.0ms)

ActionView::Template::Error (couldn't find file 'pure' with type 'text/css'):
    14: <div style='clear:both;'></div>
    15: 
    16: 
    17: <%= image_tag "dfm_web/clippy.jpg" %>
    18: 
    19: <hr/>
  app/views/application/index.html.erb:17:in `_app_views_application_index_html_erb__4549703843369886331_70276654219640'


  Rendered /Users/jpd800/.rvm/gems/ruby-2.2.0/gems/actionpack-4.2.6/lib/action_dispatch/middleware/templates/rescues/_source.erb (7.2ms)
  Rendered /Users/jpd800/.rvm/gems/ruby-2.2.0/gems/actionpack-4.2.6/lib/action_dispatch/middleware/templates/rescues/_trace.html.erb (2.6ms)
  Rendered /Users/jpd800/.rvm/gems/ruby-2.2.0/gems/actionpack-4.2.6/lib/action_dispatch/middleware/templates/rescues/_request_and_response.html.erb (0.8ms)
  Rendered /Users/jpd800/.rvm/gems/ruby-2.2.0/gems/actionpack-4.2.6/lib/action_dispatch/middleware/templates/rescues/template_error.html.erb within rescues/layout (41.2ms)


Started GET "/" for ::1 at 2016-03-08 15:41:34 -0600
Processing by ApplicationController#index as HTML
  Rendered application/index.html.erb within layouts/application (5.6ms)
Completed 500 Internal Server Error in 9ms (ActiveRecord: 0.0ms)

ActionView::Template::Error (couldn't find file 'pure' with type 'text/css'):
    14: <div style='clear:both;'></div>
    15: 
    16: 
    17: <%= image_tag "dfm_web/clippy.jpg" %>
    18: 
    19: <hr/>
  app/views/application/index.html.erb:17:in `_app_views_application_index_html_erb__4549703843369886331_70276654219640'


  Rendered /Users/jpd800/.rvm/gems/ruby-2.2.0/gems/actionpack-4.2.6/lib/action_dispatch/middleware/templates/rescues/_source.erb (8.0ms)
  Rendered /Users/jpd800/.rvm/gems/ruby-2.2.0/gems/actionpack-4.2.6/lib/action_dispatch/middleware/templates/rescues/_trace.html.erb (2.7ms)
  Rendered /Users/jpd800/.rvm/gems/ruby-2.2.0/gems/actionpack-4.2.6/lib/action_dispatch/middleware/templates/rescues/_request_and_response.html.erb (0.8ms)
  Rendered /Users/jpd800/.rvm/gems/ruby-2.2.0/gems/actionpack-4.2.6/lib/action_dispatch/middleware/templates/rescues/template_error.html.erb within rescues/layout (37.5ms)


Started GET "/" for ::1 at 2016-03-08 15:42:05 -0600
Processing by ApplicationController#index as HTML
  Rendered application/index.html.erb within layouts/application (11.3ms)
Completed 500 Internal Server Error in 17ms (ActiveRecord: 0.0ms)

ActionView::Template::Error (couldn't find file 'pure' with type 'text/css'):
    14: <div style='clear:both;'></div>
    15: 
    16: 
    17: <%= image_tag "dfm_web/clippy.jpg" %>
    18: 
    19: <hr/>
  app/views/application/index.html.erb:17:in `_app_views_application_index_html_erb__4549703843369886331_70276654219640'


  Rendered /Users/jpd800/.rvm/gems/ruby-2.2.0/gems/actionpack-4.2.6/lib/action_dispatch/middleware/templates/rescues/_source.erb (8.4ms)
  Rendered /Users/jpd800/.rvm/gems/ruby-2.2.0/gems/actionpack-4.2.6/lib/action_dispatch/middleware/templates/rescues/_trace.html.erb (3.9ms)
  Rendered /Users/jpd800/.rvm/gems/ruby-2.2.0/gems/actionpack-4.2.6/lib/action_dispatch/middleware/templates/rescues/_request_and_response.html.erb (1.2ms)
  Rendered /Users/jpd800/.rvm/gems/ruby-2.2.0/gems/actionpack-4.2.6/lib/action_dispatch/middleware/templates/rescues/template_error.html.erb within rescues/layout (45.9ms)


Started GET "/" for ::1 at 2016-03-08 15:45:14 -0600
Processing by ApplicationController#index as HTML
  Rendered application/index.html.erb within layouts/application (195.5ms)
Completed 500 Internal Server Error in 206ms (ActiveRecord: 0.0ms)

ActionView::Template::Error (couldn't find file 'pure' with type 'text/css'):
    14: <div style='clear:both;'></div>
    15: 
    16: 
    17: <%= image_tag "dfm_web/clippy.jpg" %>
    18: 
    19: <hr/>
  app/views/application/index.html.erb:17:in `_app_views_application_index_html_erb___4274158235733462895_70272506470040'


  Rendered /Users/jpd800/.rvm/gems/ruby-2.2.0/gems/actionpack-4.2.6/lib/action_dispatch/middleware/templates/rescues/_source.erb (14.5ms)
  Rendered /Users/jpd800/.rvm/gems/ruby-2.2.0/gems/actionpack-4.2.6/lib/action_dispatch/middleware/templates/rescues/_trace.html.erb (3.2ms)
  Rendered /Users/jpd800/.rvm/gems/ruby-2.2.0/gems/actionpack-4.2.6/lib/action_dispatch/middleware/templates/rescues/_request_and_response.html.erb (11.3ms)
  Rendered /Users/jpd800/.rvm/gems/ruby-2.2.0/gems/actionpack-4.2.6/lib/action_dispatch/middleware/templates/rescues/template_error.html.erb within rescues/layout (62.2ms)


Started GET "/" for ::1 at 2016-03-08 15:47:17 -0600
Processing by ApplicationController#index as HTML
  Rendered application/index.html.erb within layouts/application (15.5ms)
Completed 500 Internal Server Error in 19ms (ActiveRecord: 0.0ms)

ActionView::Template::Error (can't require absolute file: /pure):
    14: <div style='clear:both;'></div>
    15: 
    16: 
    17: <%= image_tag "dfm_web/clippy.jpg" %>
    18: 
    19: <hr/>
  app/views/application/index.html.erb:17:in `_app_views_application_index_html_erb___4274158235733462895_70272506470040'


  Rendered /Users/jpd800/.rvm/gems/ruby-2.2.0/gems/actionpack-4.2.6/lib/action_dispatch/middleware/templates/rescues/_source.erb (6.9ms)
  Rendered /Users/jpd800/.rvm/gems/ruby-2.2.0/gems/actionpack-4.2.6/lib/action_dispatch/middleware/templates/rescues/_trace.html.erb (4.2ms)
  Rendered /Users/jpd800/.rvm/gems/ruby-2.2.0/gems/actionpack-4.2.6/lib/action_dispatch/middleware/templates/rescues/_request_and_response.html.erb (0.9ms)
  Rendered /Users/jpd800/.rvm/gems/ruby-2.2.0/gems/actionpack-4.2.6/lib/action_dispatch/middleware/templates/rescues/template_error.html.erb within rescues/layout (45.3ms)


Started GET "/" for ::1 at 2016-03-08 15:47:23 -0600
Processing by ApplicationController#index as HTML
  Rendered application/index.html.erb within layouts/application (10.2ms)
Completed 500 Internal Server Error in 12ms (ActiveRecord: 0.0ms)

ActionView::Template::Error (couldn't find file '../pure' under '/Users/jpd800/Rails/dfm_web/app/assets/stylesheets' with type 'text/css'):
    14: <div style='clear:both;'></div>
    15: 
    16: 
    17: <%= image_tag "dfm_web/clippy.jpg" %>
    18: 
    19: <hr/>
  app/views/application/index.html.erb:17:in `_app_views_application_index_html_erb___4274158235733462895_70272506470040'


  Rendered /Users/jpd800/.rvm/gems/ruby-2.2.0/gems/actionpack-4.2.6/lib/action_dispatch/middleware/templates/rescues/_source.erb (6.6ms)
  Rendered /Users/jpd800/.rvm/gems/ruby-2.2.0/gems/actionpack-4.2.6/lib/action_dispatch/middleware/templates/rescues/_trace.html.erb (2.8ms)
  Rendered /Users/jpd800/.rvm/gems/ruby-2.2.0/gems/actionpack-4.2.6/lib/action_dispatch/middleware/templates/rescues/_request_and_response.html.erb (0.9ms)
  Rendered /Users/jpd800/.rvm/gems/ruby-2.2.0/gems/actionpack-4.2.6/lib/action_dispatch/middleware/templates/rescues/template_error.html.erb within rescues/layout (40.1ms)


Started GET "/" for ::1 at 2016-03-08 15:48:08 -0600
Processing by ApplicationController#index as HTML
  Rendered application/index.html.erb within layouts/application (9.7ms)
Completed 500 Internal Server Error in 11ms (ActiveRecord: 0.0ms)

ActionView::Template::Error (couldn't find file './pure' under '/Users/jpd800/Rails/dfm_web/app/assets/stylesheets' with type 'text/css'):
    14: <div style='clear:both;'></div>
    15: 
    16: 
    17: <%= image_tag "dfm_web/clippy.jpg" %>
    18: 
    19: <hr/>
  app/views/application/index.html.erb:17:in `_app_views_application_index_html_erb___4274158235733462895_70272506470040'


  Rendered /Users/jpd800/.rvm/gems/ruby-2.2.0/gems/actionpack-4.2.6/lib/action_dispatch/middleware/templates/rescues/_source.erb (7.6ms)
  Rendered /Users/jpd800/.rvm/gems/ruby-2.2.0/gems/actionpack-4.2.6/lib/action_dispatch/middleware/templates/rescues/_trace.html.erb (3.2ms)
  Rendered /Users/jpd800/.rvm/gems/ruby-2.2.0/gems/actionpack-4.2.6/lib/action_dispatch/middleware/templates/rescues/_request_and_response.html.erb (1.4ms)
  Rendered /Users/jpd800/.rvm/gems/ruby-2.2.0/gems/actionpack-4.2.6/lib/action_dispatch/middleware/templates/rescues/template_error.html.erb within rescues/layout (44.2ms)


Started GET "/" for ::1 at 2016-03-08 15:50:47 -0600
Processing by ApplicationController#index as HTML
  Rendered application/index.html.erb within layouts/application (13.5ms)
Completed 500 Internal Server Error in 18ms (ActiveRecord: 0.0ms)

ActionView::Template::Error (couldn't find file 'pure/pure' with type 'text/css'):
    14: <div style='clear:both;'></div>
    15: 
    16: 
    17: <%= image_tag "dfm_web/clippy.jpg" %>
    18: 
    19: <hr/>
  app/views/application/index.html.erb:17:in `_app_views_application_index_html_erb___4274158235733462895_70272506470040'


  Rendered /Users/jpd800/.rvm/gems/ruby-2.2.0/gems/actionpack-4.2.6/lib/action_dispatch/middleware/templates/rescues/_source.erb (7.4ms)
  Rendered /Users/jpd800/.rvm/gems/ruby-2.2.0/gems/actionpack-4.2.6/lib/action_dispatch/middleware/templates/rescues/_trace.html.erb (3.2ms)
  Rendered /Users/jpd800/.rvm/gems/ruby-2.2.0/gems/actionpack-4.2.6/lib/action_dispatch/middleware/templates/rescues/_request_and_response.html.erb (1.2ms)
  Rendered /Users/jpd800/.rvm/gems/ruby-2.2.0/gems/actionpack-4.2.6/lib/action_dispatch/middleware/templates/rescues/template_error.html.erb within rescues/layout (41.9ms)
